Mplus VERSION 8 (Mac)
MUTHEN & MUTHEN
08/20/2019   1:44 PM

INPUT INSTRUCTIONS

  title: Feelz P - BiFactor Model with reduced scales

    data:		file = ftp10.csv;

    variable:	
    	names= ID cdi scared ptsd	
    	att rule agg;
    		
    	usevar= cdi scared	
    	ptsd
    	att rule agg;
    	
    	IDVARIABLE = ID;

        CATEGORICAL ARE
        ptsd
             cdi scared  att rule agg;
    	
    	missing = .;

    analysis: 	
    	
    	type =  general;
    	estimator = MLR;
    	iterations = 10000;
    	CONVERGENCE = .00005;
    	MODEL = NOCOVARIANCES;
    	
    MODEL:
    		
    	P by
    		cdi*   		(1)
    		att		(2)
    		rule	(3)
    		agg	(4)
    	    scared		(5)
    		ptsd	(6);
    	
    	ext by
    		att*		(e1)
    		rule	(e2)
    		agg	(e3);
    	int by
    		cdi*		(i1)
          scared		(i2)
    		PTSD	(i3);
    			
    	[p@0 ext@0 int@0];
    	p@1 ext@1 int@1;
    	
    	p with int@0 ext@0;
    	
    	int with ext@0;
    	
   ! SaveData:
   ! File = ftp_p_nopt.txt;
   ! save = fscores;

    Output: Tech1 tech4 tech10 standardized;
    	



INPUT READING TERMINATED NORMALLY



Feelz P - BiFactor Model with reduced scales

SUMMARY OF ANALYSIS

Number of groups                                                 1
Number of observations                                         120

Number of dependent variables                                    6
Number of independent variables                                  0
Number of continuous latent variables                            3

Observed dependent variables

  Binary and ordered categorical (ordinal)
   CDI         SCARED      PTSD        ATT         RULE        AGG

Continuous latent variables
   P           EXT         INT

Variables with special functions

  ID variable           ID

Estimator                                                      MLR
Information matrix                                        OBSERVED
Optimization Specifications for the Quasi-Newton Algorithm for
Continuous Outcomes
  Maximum number of iterations                               10000
  Convergence criterion                                  0.500D-04
Optimization Specifications for the EM Algorithm
  Maximum number of iterations                                 500
  Convergence criteria
    Loglikelihood change                                 0.100D-02
    Relative loglikelihood change                        0.100D-05
    Derivative                                           0.100D-02
Optimization Specifications for the M step of the EM Algorithm for
Categorical Latent variables
  Number of M step iterations                                    1
  M step convergence criterion                           0.100D-02
  Basis for M step termination                           ITERATION
Optimization Specifications for the M step of the EM Algorithm for
Censored, Binary or Ordered Categorical (Ordinal), Unordered
Categorical (Nominal) and Count Outcomes
  Number of M step iterations                                    1
  M step convergence criterion                           0.100D-02
  Basis for M step termination                           ITERATION
  Maximum value for logit thresholds                            15
  Minimum value for logit thresholds                           -15
  Minimum expected cell size for chi-square              0.100D-01
Maximum number of iterations for H1                           2000
Convergence criterion for H1                             0.100D-03
Optimization algorithm                                         EMA
Integration Specifications
  Type                                                    STANDARD
  Number of integration points                                  15
  Dimensions of numerical integration                            2
  Adaptive quadrature                                           ON
Link                                                         LOGIT
Cholesky                                                       OFF

Input data file(s)
  ftp10.csv
Input data format  FREE


SUMMARY OF DATA

     Number of missing data patterns             6
     Number of y missing data patterns           0
     Number of u missing data patterns           6


COVARIANCE COVERAGE OF DATA

Minimum covariance coverage value   0.100


UNIVARIATE PROPORTIONS AND COUNTS FOR CATEGORICAL VARIABLES

    CDI
      Category 1    0.110           11.000
      Category 2    0.100           10.000
      Category 3    0.110           11.000
      Category 4    0.110           11.000
      Category 5    0.070            7.000
      Category 6    0.140           14.000
      Category 7    0.110           11.000
      Category 8    0.110           11.000
      Category 9    0.050            5.000
      Category 10    0.090            9.000
    SCARED
      Category 1    0.147           15.000
      Category 2    0.088            9.000
      Category 3    0.098           10.000
      Category 4    0.069            7.000
      Category 5    0.098           10.000
      Category 6    0.098           10.000
      Category 7    0.127           13.000
      Category 8    0.088            9.000
      Category 9    0.078            8.000
      Category 10    0.108           11.000
    PTSD
      Category 1    0.527           58.000
      Category 2    0.091           10.000
      Category 3    0.109           12.000
      Category 4    0.073            8.000
      Category 5    0.100           11.000
      Category 6    0.100           11.000
    ATT
      Category 1    0.117           14.000
      Category 2    0.108           13.000
      Category 3    0.108           13.000
      Category 4    0.108           13.000
      Category 5    0.150           18.000
      Category 6    0.075            9.000
      Category 7    0.075            9.000
      Category 8    0.100           12.000
      Category 9    0.092           11.000
      Category 10    0.067            8.000
    RULE
      Category 1    0.233           28.000
      Category 2    0.225           27.000
      Category 3    0.142           17.000
      Category 4    0.117           14.000
      Category 5    0.133           16.000
      Category 6    0.067            8.000
      Category 7    0.083           10.000
    AGG
      Category 1    0.158           19.000
      Category 2    0.083           10.000
      Category 3    0.083           10.000
      Category 4    0.150           18.000
      Category 5    0.067            8.000
      Category 6    0.083           10.000
      Category 7    0.117           14.000
      Category 8    0.058            7.000
      Category 9    0.117           14.000
      Category 10    0.083           10.000



THE MODEL ESTIMATION TERMINATED NORMALLY



MODEL FIT INFORMATION

Number of Free Parameters                       59

Loglikelihood

          H0 Value                       -1287.150
          H0 Scaling Correction Factor      1.0612
            for MLR

Information Criteria

          Akaike (AIC)                    2692.299
          Bayesian (BIC)                  2897.657
          Sample-Size Adjusted BIC        2710.642
            (n* = (n + 2) / 24)



MODEL RESULTS

                                                    Two-Tailed
                    Estimate       S.E.  Est./S.E.    P-Value

 P        BY
    CDI                8.239      6.160      1.337      0.181
    ATT                2.074      1.347      1.540      0.124
    RULE               1.083      0.250      4.325      0.000
    AGG                3.359      2.186      1.536      0.124
    SCARED             1.221      1.423      0.858      0.391
    PTSD               0.306      0.706      0.434      0.664

 EXT      BY
    ATT                0.736      0.826      0.891      0.373
    RULE               0.484      0.273      1.774      0.076
    AGG                4.145      2.956      1.402      0.161

 INT      BY
    CDI                5.159      6.081      0.848      0.396
    SCARED             1.852      0.757      2.447      0.014
    PTSD              -0.607      0.429     -1.414      0.157

 P        WITH
    INT                0.000      0.000    999.000    999.000
    EXT                0.000      0.000    999.000    999.000

 INT      WITH
    EXT                0.000      0.000    999.000    999.000

 Means
    P                  0.000      0.000    999.000    999.000
    EXT                0.000      0.000    999.000    999.000
    INT                0.000      0.000    999.000    999.000

 Thresholds
    CDI$1            -11.919      3.395     -3.510      0.000
    CDI$2             -7.904      2.945     -2.684      0.007
    CDI$3             -4.443      2.491     -1.784      0.074
    CDI$4             -1.340      2.196     -0.610      0.542
    CDI$5              0.624      2.241      0.278      0.781
    CDI$6              4.209      2.568      1.639      0.101
    CDI$7              7.024      3.197      2.197      0.028
    CDI$8             10.587      4.125      2.566      0.010
    CDI$9             13.133      4.771      2.753      0.006
    SCARED$1          -2.869      0.725     -3.957      0.000
    SCARED$2          -1.859      0.479     -3.884      0.000
    SCARED$3          -1.023      0.424     -2.411      0.016
    SCARED$4          -0.548      0.450     -1.219      0.223
    SCARED$5           0.099      0.559      0.177      0.860
    SCARED$6           0.768      0.742      1.034      0.301
    SCARED$7           1.733      1.011      1.714      0.086
    SCARED$8           2.531      1.232      2.055      0.040
    SCARED$9           3.492      1.527      2.286      0.022
    PTSD$1             0.138      0.217      0.638      0.524
    PTSD$2             0.548      0.240      2.284      0.022
    PTSD$3             1.092      0.289      3.783      0.000
    PTSD$4             1.528      0.340      4.494      0.000
    PTSD$5             2.382      0.432      5.515      0.000
    ATT$1             -3.334      1.266     -2.632      0.008
    ATT$2             -2.169      1.015     -2.138      0.033
    ATT$3             -1.298      0.762     -1.704      0.088
    ATT$4             -0.510      0.581     -0.878      0.380
    ATT$5              0.562      0.405      1.389      0.165
    ATT$6              1.118      0.367      3.043      0.002
    ATT$7              1.744      0.420      4.152      0.000
    ATT$8              2.785      0.717      3.884      0.000
    ATT$9              4.313      1.223      3.527      0.000
    RULE$1            -1.539      0.286     -5.379      0.000
    RULE$2            -0.257      0.251     -1.024      0.306
    RULE$3             0.491      0.259      1.894      0.058
    RULE$4             1.167      0.289      4.039      0.000
    RULE$5             2.216      0.364      6.092      0.000
    RULE$6             3.010      0.482      6.243      0.000
    AGG$1             -5.576      3.177     -1.755      0.079
    AGG$2             -3.948      2.360     -1.673      0.094
    AGG$3             -2.611      1.690     -1.545      0.122
    AGG$4             -0.536      0.896     -0.598      0.550
    AGG$5              0.359      0.887      0.405      0.685
    AGG$6              1.545      1.193      1.295      0.195
    AGG$7              3.545      2.055      1.726      0.084
    AGG$8              4.798      2.731      1.757      0.079
    AGG$9              8.034      4.462      1.801      0.072

 Variances
    P                  1.000      0.000    999.000    999.000
    EXT                1.000      0.000    999.000    999.000
    INT                1.000      0.000    999.000    999.000


STANDARDIZED MODEL RESULTS


STDYX Standardization

                                                    Two-Tailed
                    Estimate       S.E.  Est./S.E.    P-Value

 P        BY
    CDI                0.833      0.440      1.895      0.058
    ATT                0.727      0.273      2.663      0.008
    RULE               0.500      0.085      5.891      0.000
    AGG                0.596      0.227      2.629      0.009
    SCARED             0.426      0.393      1.083      0.279
    PTSD               0.158      0.349      0.453      0.650

 EXT      BY
    ATT                0.258      0.353      0.730      0.465
    RULE               0.223      0.118      1.900      0.057
    AGG                0.736      0.203      3.621      0.000

 INT      BY
    CDI                0.522      0.691      0.755      0.450
    SCARED             0.646      0.176      3.670      0.000
    PTSD              -0.313      0.190     -1.652      0.099

 P        WITH
    INT                0.000      0.000    999.000    999.000
    EXT                0.000      0.000    999.000    999.000

 INT      WITH
    EXT                0.000      0.000    999.000    999.000

 Means
    P                  0.000      0.000    999.000    999.000
    EXT                0.000      0.000    999.000    999.000
    INT                0.000      0.000    999.000    999.000

 Thresholds
    CDI$1             -1.205      0.311     -3.870      0.000
    CDI$2             -0.799      0.289     -2.764      0.006
    CDI$3             -0.449      0.254     -1.771      0.077
    CDI$4             -0.135      0.230     -0.590      0.555
    CDI$5              0.063      0.221      0.285      0.775
    CDI$6              0.426      0.202      2.110      0.035
    CDI$7              0.710      0.200      3.550      0.000
    CDI$8              1.071      0.211      5.073      0.000
    CDI$9              1.328      0.231      5.749      0.000
    SCARED$1          -1.001      0.198     -5.045      0.000
    SCARED$2          -0.649      0.188     -3.450      0.001
    SCARED$3          -0.357      0.187     -1.914      0.056
    SCARED$4          -0.191      0.184     -1.042      0.297
    SCARED$5           0.035      0.189      0.183      0.855
    SCARED$6           0.268      0.198      1.350      0.177
    SCARED$7           0.605      0.206      2.939      0.003
    SCARED$8           0.883      0.214      4.130      0.000
    SCARED$9           1.219      0.234      5.201      0.000
    PTSD$1             0.071      0.111      0.644      0.520
    PTSD$2             0.283      0.115      2.461      0.014
    PTSD$3             0.564      0.124      4.545      0.000
    PTSD$4             0.789      0.136      5.781      0.000
    PTSD$5             1.230      0.171      7.208      0.000
    ATT$1             -1.169      0.183     -6.396      0.000
    ATT$2             -0.761      0.182     -4.190      0.000
    ATT$3             -0.455      0.169     -2.687      0.007
    ATT$4             -0.179      0.168     -1.066      0.286
    ATT$5              0.197      0.174      1.134      0.257
    ATT$6              0.392      0.170      2.305      0.021
    ATT$7              0.611      0.164      3.738      0.000
    ATT$8              0.976      0.159      6.143      0.000
    ATT$9              1.512      0.189      8.012      0.000
    RULE$1            -0.710      0.130     -5.461      0.000
    RULE$2            -0.119      0.116     -1.024      0.306
    RULE$3             0.227      0.119      1.912      0.056
    RULE$4             0.538      0.126      4.266      0.000
    RULE$5             1.023      0.147      6.937      0.000
    RULE$6             1.389      0.185      7.504      0.000
    AGG$1             -0.990      0.157     -6.312      0.000
    AGG$2             -0.701      0.158     -4.424      0.000
    AGG$3             -0.463      0.154     -3.002      0.003
    AGG$4             -0.095      0.150     -0.635      0.525
    AGG$5              0.064      0.153      0.417      0.677
    AGG$6              0.274      0.155      1.773      0.076
    AGG$7              0.629      0.155      4.059      0.000
    AGG$8              0.852      0.158      5.376      0.000
    AGG$9              1.426      0.179      7.982      0.000

 Variances
    P                  1.000      0.000    999.000    999.000
    EXT                1.000      0.000    999.000    999.000
    INT                1.000      0.000    999.000    999.000


STDY Standardization

                                                    Two-Tailed
                    Estimate       S.E.  Est./S.E.    P-Value

 P        BY
    CDI                0.833      0.440      1.895      0.058
    ATT                0.727      0.273      2.663      0.008
    RULE               0.500      0.085      5.891      0.000
    AGG                0.596      0.227      2.629      0.009
    SCARED             0.426      0.393      1.083      0.279
    PTSD               0.158      0.349      0.453      0.650

 EXT      BY
    ATT                0.258      0.353      0.730      0.465
    RULE               0.223      0.118      1.900      0.057
    AGG                0.736      0.203      3.621      0.000

 INT      BY
    CDI                0.522      0.691      0.755      0.450
    SCARED             0.646      0.176      3.670      0.000
    PTSD              -0.313      0.190     -1.652      0.099

 P        WITH
    INT                0.000      0.000    999.000    999.000
    EXT                0.000      0.000    999.000    999.000

 INT      WITH
    EXT                0.000      0.000    999.000    999.000

 Means
    P                  0.000      0.000    999.000    999.000
    EXT                0.000      0.000    999.000    999.000
    INT                0.000      0.000    999.000    999.000

 Thresholds
    CDI$1             -1.205      0.311     -3.870      0.000
    CDI$2             -0.799      0.289     -2.764      0.006
    CDI$3             -0.449      0.254     -1.771      0.077
    CDI$4             -0.135      0.230     -0.590      0.555
    CDI$5              0.063      0.221      0.285      0.775
    CDI$6              0.426      0.202      2.110      0.035
    CDI$7              0.710      0.200      3.550      0.000
    CDI$8              1.071      0.211      5.073      0.000
    CDI$9              1.328      0.231      5.749      0.000
    SCARED$1          -1.001      0.198     -5.045      0.000
    SCARED$2          -0.649      0.188     -3.450      0.001
    SCARED$3          -0.357      0.187     -1.914      0.056
    SCARED$4          -0.191      0.184     -1.042      0.297
    SCARED$5           0.035      0.189      0.183      0.855
    SCARED$6           0.268      0.198      1.350      0.177
    SCARED$7           0.605      0.206      2.939      0.003
    SCARED$8           0.883      0.214      4.130      0.000
    SCARED$9           1.219      0.234      5.201      0.000
    PTSD$1             0.071      0.111      0.644      0.520
    PTSD$2             0.283      0.115      2.461      0.014
    PTSD$3             0.564      0.124      4.545      0.000
    PTSD$4             0.789      0.136      5.781      0.000
    PTSD$5             1.230      0.171      7.208      0.000
    ATT$1             -1.169      0.183     -6.396      0.000
    ATT$2             -0.761      0.182     -4.190      0.000
    ATT$3             -0.455      0.169     -2.687      0.007
    ATT$4             -0.179      0.168     -1.066      0.286
    ATT$5              0.197      0.174      1.134      0.257
    ATT$6              0.392      0.170      2.305      0.021
    ATT$7              0.611      0.164      3.738      0.000
    ATT$8              0.976      0.159      6.143      0.000
    ATT$9              1.512      0.189      8.012      0.000
    RULE$1            -0.710      0.130     -5.461      0.000
    RULE$2            -0.119      0.116     -1.024      0.306
    RULE$3             0.227      0.119      1.912      0.056
    RULE$4             0.538      0.126      4.266      0.000
    RULE$5             1.023      0.147      6.937      0.000
    RULE$6             1.389      0.185      7.504      0.000
    AGG$1             -0.990      0.157     -6.312      0.000
    AGG$2             -0.701      0.158     -4.424      0.000
    AGG$3             -0.463      0.154     -3.002      0.003
    AGG$4             -0.095      0.150     -0.635      0.525
    AGG$5              0.064      0.153      0.417      0.677
    AGG$6              0.274      0.155      1.773      0.076
    AGG$7              0.629      0.155      4.059      0.000
    AGG$8              0.852      0.158      5.376      0.000
    AGG$9              1.426      0.179      7.982      0.000

 Variances
    P                  1.000      0.000    999.000    999.000
    EXT                1.000      0.000    999.000    999.000
    INT                1.000      0.000    999.000    999.000


STD Standardization

                                                    Two-Tailed
                    Estimate       S.E.  Est./S.E.    P-Value

 P        BY
    CDI                8.239      6.160      1.337      0.181
    ATT                2.074      1.347      1.540      0.124
    RULE               1.083      0.250      4.325      0.000
    AGG                3.359      2.186      1.536      0.124
    SCARED             1.221      1.423      0.858      0.391
    PTSD               0.306      0.706      0.434      0.664

 EXT      BY
    ATT                0.736      0.826      0.891      0.373
    RULE               0.484      0.273      1.774      0.076
    AGG                4.145      2.956      1.402      0.161

 INT      BY
    CDI                5.159      6.081      0.848      0.396
    SCARED             1.852      0.757      2.447      0.014
    PTSD              -0.607      0.429     -1.414      0.157

 P        WITH
    INT                0.000      0.000    999.000    999.000
    EXT                0.000      0.000    999.000    999.000

 INT      WITH
    EXT                0.000      0.000    999.000    999.000

 Means
    P                  0.000      0.000    999.000    999.000
    EXT                0.000      0.000    999.000    999.000
    INT                0.000      0.000    999.000    999.000

 Thresholds
    CDI$1            -11.919      3.395     -3.510      0.000
    CDI$2             -7.904      2.945     -2.684      0.007
    CDI$3             -4.443      2.491     -1.784      0.074
    CDI$4             -1.340      2.196     -0.610      0.542
    CDI$5              0.624      2.241      0.278      0.781
    CDI$6              4.209      2.568      1.639      0.101
    CDI$7              7.024      3.197      2.197      0.028
    CDI$8             10.587      4.125      2.566      0.010
    CDI$9             13.133      4.771      2.753      0.006
    SCARED$1          -2.869      0.725     -3.957      0.000
    SCARED$2          -1.859      0.479     -3.884      0.000
    SCARED$3          -1.023      0.424     -2.411      0.016
    SCARED$4          -0.548      0.450     -1.219      0.223
    SCARED$5           0.099      0.559      0.177      0.860
    SCARED$6           0.768      0.742      1.034      0.301
    SCARED$7           1.733      1.011      1.714      0.086
    SCARED$8           2.531      1.232      2.055      0.040
    SCARED$9           3.492      1.527      2.286      0.022
    PTSD$1             0.138      0.217      0.638      0.524
    PTSD$2             0.548      0.240      2.284      0.022
    PTSD$3             1.092      0.289      3.783      0.000
    PTSD$4             1.528      0.340      4.494      0.000
    PTSD$5             2.382      0.432      5.515      0.000
    ATT$1             -3.334      1.266     -2.632      0.008
    ATT$2             -2.169      1.015     -2.138      0.033
    ATT$3             -1.298      0.762     -1.704      0.088
    ATT$4             -0.510      0.581     -0.878      0.380
    ATT$5              0.562      0.405      1.389      0.165
    ATT$6              1.118      0.367      3.043      0.002
    ATT$7              1.744      0.420      4.152      0.000
    ATT$8              2.785      0.717      3.884      0.000
    ATT$9              4.313      1.223      3.527      0.000
    RULE$1            -1.539      0.286     -5.379      0.000
    RULE$2            -0.257      0.251     -1.024      0.306
    RULE$3             0.491      0.259      1.894      0.058
    RULE$4             1.167      0.289      4.039      0.000
    RULE$5             2.216      0.364      6.092      0.000
    RULE$6             3.010      0.482      6.243      0.000
    AGG$1             -5.576      3.177     -1.755      0.079
    AGG$2             -3.948      2.360     -1.673      0.094
    AGG$3             -2.611      1.690     -1.545      0.122
    AGG$4             -0.536      0.896     -0.598      0.550
    AGG$5              0.359      0.887      0.405      0.685
    AGG$6              1.545      1.193      1.295      0.195
    AGG$7              3.545      2.055      1.726      0.084
    AGG$8              4.798      2.731      1.757      0.079
    AGG$9              8.034      4.462      1.801      0.072

 Variances
    P                  1.000      0.000    999.000    999.000
    EXT                1.000      0.000    999.000    999.000
    INT                1.000      0.000    999.000    999.000


R-SQUARE

    Observed                                        Two-Tailed
    Variable        Estimate       S.E.  Est./S.E.    P-Value

    CDI                0.966      0.020     47.241      0.000
    SCARED             0.599      0.245      2.447      0.014
    PTSD               0.123      0.199      0.618      0.536
    ATT                0.596      0.224      2.661      0.008
    RULE               0.300      0.097      3.082      0.002
    AGG                0.896      0.114      7.875      0.000


QUALITY OF NUMERICAL RESULTS

     Condition Number for the Information Matrix              0.134E-06
       (ratio of smallest to largest eigenvalue)


TECHNICAL 1 OUTPUT


     PARAMETER SPECIFICATION


           TAU
              CDI$1         CDI$2         CDI$3         CDI$4         CDI$5
              ________      ________      ________      ________      ________
                   13            14            15            16            17


           TAU
              CDI$6         CDI$7         CDI$8         CDI$9         SCARED$1
              ________      ________      ________      ________      ________
                   18            19            20            21            22


           TAU
              SCARED$2      SCARED$3      SCARED$4      SCARED$5      SCARED$6
              ________      ________      ________      ________      ________
                   23            24            25            26            27


           TAU
              SCARED$7      SCARED$8      SCARED$9      PTSD$1        PTSD$2
              ________      ________      ________      ________      ________
                   28            29            30            31            32


           TAU
              PTSD$3        PTSD$4        PTSD$5        ATT$1         ATT$2
              ________      ________      ________      ________      ________
                   33            34            35            36            37


           TAU
              ATT$3         ATT$4         ATT$5         ATT$6         ATT$7
              ________      ________      ________      ________      ________
                   38            39            40            41            42


           TAU
              ATT$8         ATT$9         RULE$1        RULE$2        RULE$3
              ________      ________      ________      ________      ________
                   43            44            45            46            47


           TAU
              RULE$4        RULE$5        RULE$6        AGG$1         AGG$2
              ________      ________      ________      ________      ________
                   48            49            50            51            52


           TAU
              AGG$3         AGG$4         AGG$5         AGG$6         AGG$7
              ________      ________      ________      ________      ________
                   53            54            55            56            57


           TAU
              AGG$8         AGG$9
              ________      ________
                   58            59


           NU
              CDI           SCARED        PTSD          ATT           RULE
              ________      ________      ________      ________      ________
                    0             0             0             0             0


           NU
              AGG
              ________
                    0


           LAMBDA
              P             EXT           INT
              ________      ________      ________
 CDI                1             0             2
 SCARED             3             0             4
 PTSD               5             0             6
 ATT                7             8             0
 RULE               9            10             0
 AGG               11            12             0


           THETA
              CDI           SCARED        PTSD          ATT           RULE
              ________      ________      ________      ________      ________
 CDI                0
 SCARED             0             0
 PTSD               0             0             0
 ATT                0             0             0             0
 RULE               0             0             0             0             0
 AGG                0             0             0             0             0


           THETA
              AGG
              ________
 AGG                0


           ALPHA
              P             EXT           INT
              ________      ________      ________
                    0             0             0


           BETA
              P             EXT           INT
              ________      ________      ________
 P                  0             0             0
 EXT                0             0             0
 INT                0             0             0


           PSI
              P             EXT           INT
              ________      ________      ________
 P                  0
 EXT                0             0
 INT                0             0             0


     STARTING VALUES


           TAU
              CDI$1         CDI$2         CDI$3         CDI$4         CDI$5
              ________      ________      ________      ________      ________
               -2.091        -1.325        -0.754        -0.282         0.000


           TAU
              CDI$6         CDI$7         CDI$8         CDI$9         SCARED$1
              ________      ________      ________      ________      ________
                0.575         1.099         1.815         2.314        -1.758


           TAU
              SCARED$2      SCARED$3      SCARED$4      SCARED$5      SCARED$6
              ________      ________      ________      ________      ________
               -1.179        -0.693        -0.397         0.000         0.397


           TAU
              SCARED$7      SCARED$8      SCARED$9      PTSD$1        PTSD$2
              ________      ________      ________      ________      ________
                0.972         1.474         2.113         0.109         0.482


           TAU
              PTSD$3        PTSD$4        PTSD$5        ATT$1         ATT$2
              ________      ________      ________      ________      ________
                0.981         1.386         2.197        -2.024        -1.237


           TAU
              ATT$3         ATT$4         ATT$5         ATT$6         ATT$7
              ________      ________      ________      ________      ________
               -0.693        -0.234         0.371         0.693         1.055


           TAU
              ATT$8         ATT$9         RULE$1        RULE$2        RULE$3
              ________      ________      ________      ________      ________
                1.671         2.639        -1.190        -0.167         0.405


           TAU
              RULE$4        RULE$5        RULE$6        AGG$1         AGG$2
              ________      ________      ________      ________      ________
                0.928         1.735         2.398        -1.671        -1.144


           TAU
              AGG$3         AGG$4         AGG$5         AGG$6         AGG$7
              ________      ________      ________      ________      ________
               -0.731        -0.100         0.167         0.511         1.055


           TAU
              AGG$8         AGG$9
              ________      ________
                1.386         2.398


           NU
              CDI           SCARED        PTSD          ATT           RULE
              ________      ________      ________      ________      ________
                0.000         0.000         0.000         0.000         0.000


           NU
              AGG
              ________
                0.000


           LAMBDA
              P             EXT           INT
              ________      ________      ________
 CDI            1.000         0.000         1.000
 SCARED         1.000         0.000         1.000
 PTSD           1.000         0.000         1.000
 ATT            1.000         1.000         0.000
 RULE           1.000         1.000         0.000
 AGG            1.000         1.000         0.000


           THETA
              CDI           SCARED        PTSD          ATT           RULE
              ________      ________      ________      ________      ________
 CDI            1.000
 SCARED         0.000         1.000
 PTSD           0.000         0.000         1.000
 ATT            0.000         0.000         0.000         1.000
 RULE           0.000         0.000         0.000         0.000         1.000
 AGG            0.000         0.000         0.000         0.000         0.000


           THETA
              AGG
              ________
 AGG            1.000


           ALPHA
              P             EXT           INT
              ________      ________      ________
                0.000         0.000         0.000


           BETA
              P             EXT           INT
              ________      ________      ________
 P              0.000         0.000         0.000
 EXT            0.000         0.000         0.000
 INT            0.000         0.000         0.000


           PSI
              P             EXT           INT
              ________      ________      ________
 P              1.000
 EXT            0.000         1.000
 INT            0.000         0.000         1.000


TECHNICAL 4 OUTPUT


     ESTIMATES DERIVED FROM THE MODEL


           ESTIMATED MEANS FOR THE LATENT VARIABLES
              P             EXT           INT
              ________      ________      ________
                0.000         0.000         0.000


           S.E. FOR ESTIMATED MEANS FOR THE LATENT VARIABLES
              P             EXT           INT
              ________      ________      ________
                0.000         0.000         0.000


           EST./S.E. FOR ESTIMATED MEANS FOR THE LATENT VARIABLES
              P             EXT           INT
              ________      ________      ________
                0.000         0.000         0.000


           TWO-TAILED P-VALUE FOR ESTIMATED MEANS FOR THE LATENT VARIABLES
              P             EXT           INT
              ________      ________      ________
                1.000         1.000         1.000


           ESTIMATED COVARIANCE MATRIX FOR THE LATENT VARIABLES
              P             EXT           INT
              ________      ________      ________
 P              1.000
 EXT            0.000         1.000
 INT            0.000         0.000         1.000


           S.E. FOR ESTIMATED COVARIANCE MATRIX FOR THE LATENT VARIABLES
              P             EXT           INT
              ________      ________      ________
 P              0.000
 EXT            0.000         0.000
 INT            0.000         0.000         0.000


           EST./S.E. FOR ESTIMATED COVARIANCE MATRIX FOR THE LATENT VARIABLES
              P             EXT           INT
              ________      ________      ________
 P        ***********
 EXT            0.000   ***********
 INT            0.000         0.000   ***********


           TWO-TAILED P-VALUE FOR ESTIMATED COVARIANCE MATRIX FOR THE LATENT VARIABLES
              P             EXT           INT
              ________      ________      ________
 P              0.000
 EXT            1.000         0.000
 INT            1.000         1.000         0.000


           ESTIMATED CORRELATION MATRIX FOR THE LATENT VARIABLES
              P             EXT           INT
              ________      ________      ________
 P              1.000
 EXT            0.000         1.000
 INT            0.000         0.000         1.000


           S.E. FOR ESTIMATED CORRELATION MATRIX FOR THE LATENT VARIABLES
              P             EXT           INT
              ________      ________      ________
 P              0.000
 EXT            0.000         0.000
 INT            0.000         0.000         0.000


           EST./S.E. FOR ESTIMATED CORRELATION MATRIX FOR THE LATENT VARIABLES
              P             EXT           INT
              ________      ________      ________
 P            999.000
 EXT            0.000       999.000
 INT            0.000         0.000       999.000


           TWO-TAILED P-VALUE FOR ESTIMATED CORRELATION MATRIX FOR THE LATENT VARIABLES
              P             EXT           INT
              ________      ________      ________
 P              0.000
 EXT            1.000         0.000
 INT            1.000         1.000         0.000


TECHNICAL 10 OUTPUT


     Beginning Time:  13:44:40
        Ending Time:  13:44:55
       Elapsed Time:  00:00:15



MUTHEN & MUTHEN
3463 Stoner Ave.
Los Angeles, CA  90066

Tel: (310) 391-9971
Fax: (310) 391-8971
Web: www.StatModel.com
Support: Support@StatModel.com

Copyright (c) 1998-2017 Muthen & Muthen
