Mplus VERSION 8.1 (Mac)
MUTHEN & MUTHEN
12/10/2018   6:24 PM

INPUT INSTRUCTIONS

  title: MT P - BiFactor Model with reduced scales

  data:		file = combined_report.dat;

  variable:	
  	names= ID group cdi ptsd3 scared thought att rule
  		agg attp rulep aggp attcm aggcm rulecm ptsdcm;
  		
  	usevar= cdi ptsdcm scared  attcm rulecm
  		aggcm;
  	
  	IDVARIABLE = ID;

      CATEGORICAL ARE
           cdi ptsdcm scared  attcm rulecm
  		aggcm;
  	
  	missing = all(-999);

  analysis: 	
  	
  	type =  general;
  	estimator = MLR;
  	iterations = 10000;
  	CONVERGENCE = .00005;
  	MODEL = NOCOVARIANCES;
  	
  MODEL:

  !define P;
  		
  	P by
  		cdi*   		(1)
  		attcm 		(2)
  		rulecm		(3)
  		aggcm		(4)
  	    	scared		(5)
  		PTSDcm		(6);
  		!thought		(7);
  	
  	ext by
  		attcm*		(e1)
  		rulecm		(e2)
  		aggcm		(e3);
  	int by
  		cdi*		(i1)
        	 	scared		(i2)
  		PTSDcm		(i3);
     	 !thd by
         		!thought*    (t1);
  			
  	[p@0 ext@0 int@0]; !thd@0];
  	p@1 ext@1 int@1;! thd@1;
  	
  	p with int@0 ext@0;! thd@0;
  	
  	int with ext@0;! thd@0;
       !ext with thd@0;
  	
  !SaveData:
  !File = bi_combined_nothd.txt;
  !save = fscores;

  Output: Tech1 tech4 tech10 standardized;
  	
  	
  		
  	



INPUT READING TERMINATED NORMALLY



MT P - BiFactor Model with reduced scales

SUMMARY OF ANALYSIS

Number of groups                                                 1
Number of observations                                         262

Number of dependent variables                                    6
Number of independent variables                                  0
Number of continuous latent variables                            3

Observed dependent variables

  Binary and ordered categorical (ordinal)
   CDI         PTSDCM      SCARED      ATTCM       RULECM      AGGCM

Continuous latent variables
   P           EXT         INT

Variables with special functions

  ID variable           ID

Estimator                                                      MLR
Information matrix                                        OBSERVED
Optimization Specifications for the Quasi-Newton Algorithm for
Continuous Outcomes
  Maximum number of iterations                               10000
  Convergence criterion                                  0.500D-04
Optimization Specifications for the EM Algorithm
  Maximum number of iterations                                 500
  Convergence criteria
    Loglikelihood change                                 0.100D-02
    Relative loglikelihood change                        0.100D-05
    Derivative                                           0.100D-02
Optimization Specifications for the M step of the EM Algorithm for
Categorical Latent variables
  Number of M step iterations                                    1
  M step convergence criterion                           0.100D-02
  Basis for M step termination                           ITERATION
Optimization Specifications for the M step of the EM Algorithm for
Censored, Binary or Ordered Categorical (Ordinal), Unordered
Categorical (Nominal) and Count Outcomes
  Number of M step iterations                                    1
  M step convergence criterion                           0.100D-02
  Basis for M step termination                           ITERATION
  Maximum value for logit thresholds                            15
  Minimum value for logit thresholds                           -15
  Minimum expected cell size for chi-square              0.100D-01
Maximum number of iterations for H1                           2000
Convergence criterion for H1                             0.100D-03
Optimization algorithm                                         EMA
Integration Specifications
  Type                                                    STANDARD
  Number of integration points                                  15
  Dimensions of numerical integration                            2
  Adaptive quadrature                                           ON
Link                                                         LOGIT
Cholesky                                                       OFF

Input data file(s)
  combined_report.dat
Input data format  FREE


SUMMARY OF DATA

     Number of missing data patterns             4
     Number of y missing data patterns           0
     Number of u missing data patterns           4


COVARIANCE COVERAGE OF DATA

Minimum covariance coverage value   0.100


UNIVARIATE PROPORTIONS AND COUNTS FOR CATEGORICAL VARIABLES

    CDI
      Category 1    0.140           36.000
      Category 2    0.066           17.000
      Category 3    0.124           32.000
      Category 4    0.078           20.000
      Category 5    0.124           32.000
      Category 6    0.093           24.000
      Category 7    0.101           26.000
      Category 8    0.085           22.000
      Category 9    0.093           24.000
      Category 10    0.097           25.000
    PTSDCM
      Category 1    0.260           68.000
      Category 2    0.233           61.000
      Category 3    0.252           66.000
      Category 4    0.256           67.000
    SCARED
      Category 1    0.120           30.000
      Category 2    0.100           25.000
      Category 3    0.080           20.000
      Category 4    0.112           28.000
      Category 5    0.088           22.000
      Category 6    0.120           30.000
      Category 7    0.088           22.000
      Category 8    0.096           24.000
      Category 9    0.096           24.000
      Category 10    0.100           25.000
    ATTCM
      Category 1    0.118           31.000
      Category 2    0.118           31.000
      Category 3    0.080           21.000
      Category 4    0.107           28.000
      Category 5    0.092           24.000
      Category 6    0.107           28.000
      Category 7    0.092           24.000
      Category 8    0.118           31.000
      Category 9    0.073           19.000
      Category 10    0.095           25.000
    RULECM
      Category 1    0.214           56.000
      Category 2    0.115           30.000
      Category 3    0.130           34.000
      Category 4    0.092           24.000
      Category 5    0.115           30.000
      Category 6    0.103           27.000
      Category 7    0.046           12.000
      Category 8    0.111           29.000
      Category 9    0.076           20.000
    AGGCM
      Category 1    0.118           31.000
      Category 2    0.168           44.000
      Category 3    0.099           26.000
      Category 4    0.050           13.000
      Category 5    0.118           31.000
      Category 6    0.050           13.000
      Category 7    0.103           27.000
      Category 8    0.122           32.000
      Category 9    0.095           25.000
      Category 10    0.076           20.000



THE MODEL ESTIMATION TERMINATED NORMALLY



MODEL FIT INFORMATION

Number of Free Parameters                       59

Loglikelihood

          H0 Value                       -2950.116
          H0 Scaling Correction Factor      1.0261
            for MLR

Information Criteria

          Akaike (AIC)                    6018.233
          Bayesian (BIC)                  6228.765
          Sample-Size Adjusted BIC        6041.709
            (n* = (n + 2) / 24)



MODEL RESULTS

                                                    Two-Tailed
                    Estimate       S.E.  Est./S.E.    P-Value

 P        BY
    CDI                1.618      0.348      4.653      0.000
    ATTCM              2.078      0.308      6.746      0.000
    RULECM             1.976      0.370      5.340      0.000
    AGGCM              3.781      2.233      1.693      0.090
    SCARED             1.568      0.666      2.355      0.019
    PTSDCM             2.022      0.354      5.715      0.000

 EXT      BY
    ATTCM              0.612      0.323      1.894      0.058
    RULECM             0.509      0.460      1.107      0.268
    AGGCM              2.206      3.310      0.666      0.505

 INT      BY
    CDI                1.404      0.426      3.293      0.001
    SCARED             2.679      1.666      1.608      0.108
    PTSDCM             0.345      0.270      1.278      0.201

 P        WITH
    INT                0.000      0.000    999.000    999.000
    EXT                0.000      0.000    999.000    999.000

 INT      WITH
    EXT                0.000      0.000    999.000    999.000

 Means
    P                  0.000      0.000    999.000    999.000
    EXT                0.000      0.000    999.000    999.000
    INT                0.000      0.000    999.000    999.000

 Thresholds
    CDI$1             -2.982      0.439     -6.797      0.000
    CDI$2             -2.318      0.368     -6.303      0.000
    CDI$3             -1.318      0.281     -4.689      0.000
    CDI$4             -0.783      0.241     -3.251      0.001
    CDI$5              0.075      0.209      0.360      0.719
    CDI$6              0.771      0.232      3.320      0.001
    CDI$7              1.590      0.298      5.329      0.000
    CDI$8              2.426      0.388      6.255      0.000
    CDI$9              3.685      0.563      6.544      0.000
    PTSDCM$1          -1.794      0.292     -6.143      0.000
    PTSDCM$2          -0.176      0.206     -0.855      0.393
    PTSDCM$3           1.765      0.263      6.707      0.000
    SCARED$1          -4.169      1.759     -2.370      0.018
    SCARED$2          -2.838      1.216     -2.334      0.020
    SCARED$3          -1.973      0.878     -2.247      0.025
    SCARED$4          -0.918      0.467     -1.964      0.050
    SCARED$5          -0.135      0.280     -0.483      0.629
    SCARED$6           0.970      0.526      1.847      0.065
    SCARED$7           1.861      0.882      2.110      0.035
    SCARED$8           3.036      1.365      2.224      0.026
    SCARED$9           4.704      2.034      2.313      0.021
    ATTCM$1           -3.290      0.330     -9.970      0.000
    ATTCM$2           -2.035      0.273     -7.450      0.000
    ATTCM$3           -1.392      0.234     -5.941      0.000
    ATTCM$4           -0.619      0.219     -2.822      0.005
    ATTCM$5           -0.007      0.213     -0.035      0.972
    ATTCM$6            0.735      0.216      3.404      0.001
    ATTCM$7            1.452      0.236      6.157      0.000
    ATTCM$8            2.621      0.294      8.921      0.000
    ATTCM$9            3.676      0.364     10.111      0.000
    RULECM$1          -2.128      0.273     -7.804      0.000
    RULECM$2          -1.196      0.229     -5.221      0.000
    RULECM$3          -0.256      0.205     -1.248      0.212
    RULECM$4           0.374      0.205      1.823      0.068
    RULECM$5           1.154      0.216      5.340      0.000
    RULECM$6           1.959      0.250      7.822      0.000
    RULECM$7           2.396      0.268      8.936      0.000
    RULECM$8           3.922      0.406      9.652      0.000
    AGGCM$1           -5.612      3.900     -1.439      0.150
    AGGCM$2           -2.787      1.989     -1.401      0.161
    AGGCM$3           -1.471      1.084     -1.356      0.175
    AGGCM$4           -0.847      0.686     -1.235      0.217
    AGGCM$5            0.609      0.569      1.071      0.284
    AGGCM$6            1.221      0.940      1.300      0.194
    AGGCM$7            2.572      1.846      1.393      0.164
    AGGCM$8            4.519      3.165      1.428      0.153
    AGGCM$9            6.865      4.763      1.441      0.149

 Variances
    P                  1.000      0.000    999.000    999.000
    EXT                1.000      0.000    999.000    999.000
    INT                1.000      0.000    999.000    999.000


STANDARDIZED MODEL RESULTS


STDYX Standardization

                                                    Two-Tailed
                    Estimate       S.E.  Est./S.E.    P-Value

 P        BY
    CDI                0.577      0.075      7.722      0.000
    ATTCM              0.735      0.061     11.970      0.000
    RULECM             0.724      0.083      8.748      0.000
    AGGCM              0.798      0.107      7.460      0.000
    SCARED             0.436      0.094      4.646      0.000
    PTSDCM             0.738      0.063     11.699      0.000

 EXT      BY
    ATTCM              0.217      0.119      1.822      0.068
    RULECM             0.186      0.177      1.056      0.291
    AGGCM              0.466      0.382      1.217      0.224

 INT      BY
    CDI                0.500      0.103      4.842      0.000
    SCARED             0.745      0.162      4.609      0.000
    PTSDCM             0.126      0.103      1.228      0.220

 P        WITH
    INT                0.000      0.000    999.000    999.000
    EXT                0.000      0.000    999.000    999.000

 INT      WITH
    EXT                0.000      0.000    999.000    999.000

 Means
    P                  0.000      0.000    999.000    999.000
    EXT                0.000      0.000    999.000    999.000
    INT                0.000      0.000    999.000    999.000

 Thresholds
    CDI$1             -1.063      0.091    -11.640      0.000
    CDI$2             -0.826      0.081    -10.164      0.000
    CDI$3             -0.469      0.076     -6.166      0.000
    CDI$4             -0.279      0.076     -3.674      0.000
    CDI$5              0.027      0.075      0.359      0.720
    CDI$6              0.275      0.078      3.516      0.000
    CDI$7              0.566      0.084      6.742      0.000
    CDI$8              0.864      0.091      9.488      0.000
    CDI$9              1.313      0.111     11.856      0.000
    PTSDCM$1          -0.655      0.080     -8.170      0.000
    PTSDCM$2          -0.064      0.074     -0.866      0.387
    PTSDCM$3           0.645      0.083      7.773      0.000
    SCARED$1          -1.160      0.097    -12.005      0.000
    SCARED$2          -0.789      0.083     -9.540      0.000
    SCARED$3          -0.549      0.079     -6.955      0.000
    SCARED$4          -0.255      0.077     -3.308      0.001
    SCARED$5          -0.038      0.077     -0.487      0.626
    SCARED$6           0.270      0.081      3.322      0.001
    SCARED$7           0.518      0.087      5.963      0.000
    SCARED$8           0.844      0.095      8.861      0.000
    SCARED$9           1.308      0.113     11.574      0.000
    ATTCM$1           -1.165      0.098    -11.938      0.000
    ATTCM$2           -0.720      0.082     -8.775      0.000
    ATTCM$3           -0.493      0.076     -6.496      0.000
    ATTCM$4           -0.219      0.075     -2.916      0.004
    ATTCM$5           -0.003      0.075     -0.035      0.972
    ATTCM$6            0.260      0.077      3.398      0.001
    ATTCM$7            0.514      0.080      6.411      0.000
    ATTCM$8            0.928      0.092     10.136      0.000
    ATTCM$9            1.301      0.108     12.051      0.000
    RULECM$1          -0.779      0.084     -9.333      0.000
    RULECM$2          -0.438      0.077     -5.665      0.000
    RULECM$3          -0.094      0.074     -1.263      0.207
    RULECM$4           0.137      0.076      1.808      0.071
    RULECM$5           0.423      0.078      5.419      0.000
    RULECM$6           0.717      0.083      8.644      0.000
    RULECM$7           0.878      0.086     10.151      0.000
    RULECM$8           1.436      0.114     12.567      0.000
    AGGCM$1           -1.184      0.096    -12.288      0.000
    AGGCM$2           -0.588      0.080     -7.399      0.000
    AGGCM$3           -0.310      0.076     -4.075      0.000
    AGGCM$4           -0.179      0.075     -2.392      0.017
    AGGCM$5            0.129      0.076      1.691      0.091
    AGGCM$6            0.258      0.078      3.315      0.001
    AGGCM$7            0.543      0.081      6.701      0.000
    AGGCM$8            0.954      0.091     10.461      0.000
    AGGCM$9            1.449      0.114     12.661      0.000

 Variances
    P                  1.000      0.000    999.000    999.000
    EXT                1.000      0.000    999.000    999.000
    INT                1.000      0.000    999.000    999.000


STDY Standardization

                                                    Two-Tailed
                    Estimate       S.E.  Est./S.E.    P-Value

 P        BY
    CDI                0.577      0.075      7.722      0.000
    ATTCM              0.735      0.061     11.970      0.000
    RULECM             0.724      0.083      8.748      0.000
    AGGCM              0.798      0.107      7.460      0.000
    SCARED             0.436      0.094      4.646      0.000
    PTSDCM             0.738      0.063     11.699      0.000

 EXT      BY
    ATTCM              0.217      0.119      1.822      0.068
    RULECM             0.186      0.177      1.056      0.291
    AGGCM              0.466      0.382      1.217      0.224

 INT      BY
    CDI                0.500      0.103      4.842      0.000
    SCARED             0.745      0.162      4.609      0.000
    PTSDCM             0.126      0.103      1.228      0.220

 P        WITH
    INT                0.000      0.000    999.000    999.000
    EXT                0.000      0.000    999.000    999.000

 INT      WITH
    EXT                0.000      0.000    999.000    999.000

 Means
    P                  0.000      0.000    999.000    999.000
    EXT                0.000      0.000    999.000    999.000
    INT                0.000      0.000    999.000    999.000

 Thresholds
    CDI$1             -1.063      0.091    -11.640      0.000
    CDI$2             -0.826      0.081    -10.164      0.000
    CDI$3             -0.469      0.076     -6.166      0.000
    CDI$4             -0.279      0.076     -3.674      0.000
    CDI$5              0.027      0.075      0.359      0.720
    CDI$6              0.275      0.078      3.516      0.000
    CDI$7              0.566      0.084      6.742      0.000
    CDI$8              0.864      0.091      9.488      0.000
    CDI$9              1.313      0.111     11.856      0.000
    PTSDCM$1          -0.655      0.080     -8.170      0.000
    PTSDCM$2          -0.064      0.074     -0.866      0.387
    PTSDCM$3           0.645      0.083      7.773      0.000
    SCARED$1          -1.160      0.097    -12.005      0.000
    SCARED$2          -0.789      0.083     -9.540      0.000
    SCARED$3          -0.549      0.079     -6.955      0.000
    SCARED$4          -0.255      0.077     -3.308      0.001
    SCARED$5          -0.038      0.077     -0.487      0.626
    SCARED$6           0.270      0.081      3.322      0.001
    SCARED$7           0.518      0.087      5.963      0.000
    SCARED$8           0.844      0.095      8.861      0.000
    SCARED$9           1.308      0.113     11.574      0.000
    ATTCM$1           -1.165      0.098    -11.938      0.000
    ATTCM$2           -0.720      0.082     -8.775      0.000
    ATTCM$3           -0.493      0.076     -6.496      0.000
    ATTCM$4           -0.219      0.075     -2.916      0.004
    ATTCM$5           -0.003      0.075     -0.035      0.972
    ATTCM$6            0.260      0.077      3.398      0.001
    ATTCM$7            0.514      0.080      6.411      0.000
    ATTCM$8            0.928      0.092     10.136      0.000
    ATTCM$9            1.301      0.108     12.051      0.000
    RULECM$1          -0.779      0.084     -9.333      0.000
    RULECM$2          -0.438      0.077     -5.665      0.000
    RULECM$3          -0.094      0.074     -1.263      0.207
    RULECM$4           0.137      0.076      1.808      0.071
    RULECM$5           0.423      0.078      5.419      0.000
    RULECM$6           0.717      0.083      8.644      0.000
    RULECM$7           0.878      0.086     10.151      0.000
    RULECM$8           1.436      0.114     12.567      0.000
    AGGCM$1           -1.184      0.096    -12.288      0.000
    AGGCM$2           -0.588      0.080     -7.399      0.000
    AGGCM$3           -0.310      0.076     -4.075      0.000
    AGGCM$4           -0.179      0.075     -2.392      0.017
    AGGCM$5            0.129      0.076      1.691      0.091
    AGGCM$6            0.258      0.078      3.315      0.001
    AGGCM$7            0.543      0.081      6.701      0.000
    AGGCM$8            0.954      0.091     10.461      0.000
    AGGCM$9            1.449      0.114     12.661      0.000

 Variances
    P                  1.000      0.000    999.000    999.000
    EXT                1.000      0.000    999.000    999.000
    INT                1.000      0.000    999.000    999.000


STD Standardization

                                                    Two-Tailed
                    Estimate       S.E.  Est./S.E.    P-Value

 P        BY
    CDI                1.618      0.348      4.653      0.000
    ATTCM              2.078      0.308      6.746      0.000
    RULECM             1.976      0.370      5.340      0.000
    AGGCM              3.781      2.233      1.693      0.090
    SCARED             1.568      0.666      2.355      0.019
    PTSDCM             2.022      0.354      5.715      0.000

 EXT      BY
    ATTCM              0.612      0.323      1.894      0.058
    RULECM             0.509      0.460      1.107      0.268
    AGGCM              2.206      3.310      0.666      0.505

 INT      BY
    CDI                1.404      0.426      3.293      0.001
    SCARED             2.679      1.666      1.608      0.108
    PTSDCM             0.345      0.270      1.278      0.201

 P        WITH
    INT                0.000      0.000    999.000    999.000
    EXT                0.000      0.000    999.000    999.000

 INT      WITH
    EXT                0.000      0.000    999.000    999.000

 Means
    P                  0.000      0.000    999.000    999.000
    EXT                0.000      0.000    999.000    999.000
    INT                0.000      0.000    999.000    999.000

 Thresholds
    CDI$1             -2.982      0.439     -6.797      0.000
    CDI$2             -2.318      0.368     -6.303      0.000
    CDI$3             -1.318      0.281     -4.689      0.000
    CDI$4             -0.783      0.241     -3.251      0.001
    CDI$5              0.075      0.209      0.360      0.719
    CDI$6              0.771      0.232      3.320      0.001
    CDI$7              1.590      0.298      5.329      0.000
    CDI$8              2.426      0.388      6.255      0.000
    CDI$9              3.685      0.563      6.544      0.000
    PTSDCM$1          -1.794      0.292     -6.143      0.000
    PTSDCM$2          -0.176      0.206     -0.855      0.393
    PTSDCM$3           1.765      0.263      6.707      0.000
    SCARED$1          -4.169      1.759     -2.370      0.018
    SCARED$2          -2.838      1.216     -2.334      0.020
    SCARED$3          -1.973      0.878     -2.247      0.025
    SCARED$4          -0.918      0.467     -1.964      0.050
    SCARED$5          -0.135      0.280     -0.483      0.629
    SCARED$6           0.970      0.526      1.847      0.065
    SCARED$7           1.861      0.882      2.110      0.035
    SCARED$8           3.036      1.365      2.224      0.026
    SCARED$9           4.704      2.034      2.313      0.021
    ATTCM$1           -3.290      0.330     -9.970      0.000
    ATTCM$2           -2.035      0.273     -7.450      0.000
    ATTCM$3           -1.392      0.234     -5.941      0.000
    ATTCM$4           -0.619      0.219     -2.822      0.005
    ATTCM$5           -0.007      0.213     -0.035      0.972
    ATTCM$6            0.735      0.216      3.404      0.001
    ATTCM$7            1.452      0.236      6.157      0.000
    ATTCM$8            2.621      0.294      8.921      0.000
    ATTCM$9            3.676      0.364     10.111      0.000
    RULECM$1          -2.128      0.273     -7.804      0.000
    RULECM$2          -1.196      0.229     -5.221      0.000
    RULECM$3          -0.256      0.205     -1.248      0.212
    RULECM$4           0.374      0.205      1.823      0.068
    RULECM$5           1.154      0.216      5.340      0.000
    RULECM$6           1.959      0.250      7.822      0.000
    RULECM$7           2.396      0.268      8.936      0.000
    RULECM$8           3.922      0.406      9.652      0.000
    AGGCM$1           -5.612      3.900     -1.439      0.150
    AGGCM$2           -2.787      1.989     -1.401      0.161
    AGGCM$3           -1.471      1.084     -1.356      0.175
    AGGCM$4           -0.847      0.686     -1.235      0.217
    AGGCM$5            0.609      0.569      1.071      0.284
    AGGCM$6            1.221      0.940      1.300      0.194
    AGGCM$7            2.572      1.846      1.393      0.164
    AGGCM$8            4.519      3.165      1.428      0.153
    AGGCM$9            6.865      4.763      1.441      0.149

 Variances
    P                  1.000      0.000    999.000    999.000
    EXT                1.000      0.000    999.000    999.000
    INT                1.000      0.000    999.000    999.000


R-SQUARE

    Observed                                        Two-Tailed
    Variable        Estimate       S.E.  Est./S.E.    P-Value

    CDI                0.582      0.104      5.578      0.000
    PTSDCM             0.561      0.080      7.031      0.000
    SCARED             0.745      0.210      3.545      0.000
    ATTCM              0.588      0.058     10.084      0.000
    RULECM             0.559      0.069      8.128      0.000
    AGGCM              0.853      0.203      4.196      0.000


QUALITY OF NUMERICAL RESULTS

     Condition Number for the Information Matrix              0.603E-04
       (ratio of smallest to largest eigenvalue)


TECHNICAL 1 OUTPUT


     PARAMETER SPECIFICATION


           TAU
              CDI$1         CDI$2         CDI$3         CDI$4         CDI$5
              ________      ________      ________      ________      ________
                   13            14            15            16            17


           TAU
              CDI$6         CDI$7         CDI$8         CDI$9         PTSDCM$1
              ________      ________      ________      ________      ________
                   18            19            20            21            22


           TAU
              PTSDCM$2      PTSDCM$3      SCARED$1      SCARED$2      SCARED$3
              ________      ________      ________      ________      ________
                   23            24            25            26            27


           TAU
              SCARED$4      SCARED$5      SCARED$6      SCARED$7      SCARED$8
              ________      ________      ________      ________      ________
                   28            29            30            31            32


           TAU
              SCARED$9      ATTCM$1       ATTCM$2       ATTCM$3       ATTCM$4
              ________      ________      ________      ________      ________
                   33            34            35            36            37


           TAU
              ATTCM$5       ATTCM$6       ATTCM$7       ATTCM$8       ATTCM$9
              ________      ________      ________      ________      ________
                   38            39            40            41            42


           TAU
              RULECM$1      RULECM$2      RULECM$3      RULECM$4      RULECM$5
              ________      ________      ________      ________      ________
                   43            44            45            46            47


           TAU
              RULECM$6      RULECM$7      RULECM$8      AGGCM$1       AGGCM$2
              ________      ________      ________      ________      ________
                   48            49            50            51            52


           TAU
              AGGCM$3       AGGCM$4       AGGCM$5       AGGCM$6       AGGCM$7
              ________      ________      ________      ________      ________
                   53            54            55            56            57


           TAU
              AGGCM$8       AGGCM$9
              ________      ________
                   58            59


           NU
              CDI           PTSDCM        SCARED        ATTCM         RULECM
              ________      ________      ________      ________      ________
                    0             0             0             0             0


           NU
              AGGCM
              ________
                    0


           LAMBDA
              P             EXT           INT
              ________      ________      ________
 CDI                1             0             2
 PTSDCM             3             0             4
 SCARED             5             0             6
 ATTCM              7             8             0
 RULECM             9            10             0
 AGGCM             11            12             0


           THETA
              CDI           PTSDCM        SCARED        ATTCM         RULECM
              ________      ________      ________      ________      ________
 CDI                0
 PTSDCM             0             0
 SCARED             0             0             0
 ATTCM              0             0             0             0
 RULECM             0             0             0             0             0
 AGGCM              0             0             0             0             0


           THETA
              AGGCM
              ________
 AGGCM              0


           ALPHA
              P             EXT           INT
              ________      ________      ________
                    0             0             0


           BETA
              P             EXT           INT
              ________      ________      ________
 P                  0             0             0
 EXT                0             0             0
 INT                0             0             0


           PSI
              P             EXT           INT
              ________      ________      ________
 P                  0
 EXT                0             0
 INT                0             0             0


     STARTING VALUES


           TAU
              CDI$1         CDI$2         CDI$3         CDI$4         CDI$5
              ________      ________      ________      ________      ________
               -1.819        -1.353        -0.711        -0.376         0.124


           TAU
              CDI$6         CDI$7         CDI$8         CDI$9         PTSDCM$1
              ________      ________      ________      ________      ________
                0.507         0.968         1.451         2.232        -1.048


           TAU
              PTSDCM$2      PTSDCM$3      SCARED$1      SCARED$2      SCARED$3
              ________      ________      ________      ________      ________
               -0.031         1.068        -1.992        -1.266        -0.847


           TAU
              SCARED$4      SCARED$5      SCARED$6      SCARED$7      SCARED$8
              ________      ________      ________      ________      ________
               -0.356         0.000         0.490         0.886         1.411


           TAU
              SCARED$9      ATTCM$1       ATTCM$2       ATTCM$3       ATTCM$4
              ________      ________      ________      ________      ________
                2.197        -2.008        -1.171        -0.769        -0.308


           TAU
              ATTCM$5       ATTCM$6       ATTCM$7       ATTCM$8       ATTCM$9
              ________      ________      ________      ________      ________
                0.061         0.499         0.914         1.600         2.249


           TAU
              RULECM$1      RULECM$2      RULECM$3      RULECM$4      RULECM$5
              ________      ________      ________      ________      ________
               -1.303        -0.716        -0.168         0.199         0.682


           TAU
              RULECM$6      RULECM$7      RULECM$8      AGGCM$1       AGGCM$2
              ________      ________      ________      ________      ________
                1.192         1.469         2.493        -2.008        -0.914


           TAU
              AGGCM$3       AGGCM$4       AGGCM$5       AGGCM$6       AGGCM$7
              ________      ________      ________      ________      ________
               -0.466        -0.261         0.215         0.418         0.877


           TAU
              AGGCM$8       AGGCM$9
              ________      ________
                1.573         2.493


           NU
              CDI           PTSDCM        SCARED        ATTCM         RULECM
              ________      ________      ________      ________      ________
                0.000         0.000         0.000         0.000         0.000


           NU
              AGGCM
              ________
                0.000


           LAMBDA
              P             EXT           INT
              ________      ________      ________
 CDI            1.000         0.000         1.000
 PTSDCM         1.000         0.000         1.000
 SCARED         1.000         0.000         1.000
 ATTCM          1.000         1.000         0.000
 RULECM         1.000         1.000         0.000
 AGGCM          1.000         1.000         0.000


           THETA
              CDI           PTSDCM        SCARED        ATTCM         RULECM
              ________      ________      ________      ________      ________
 CDI            1.000
 PTSDCM         0.000         1.000
 SCARED         0.000         0.000         1.000
 ATTCM          0.000         0.000         0.000         1.000
 RULECM         0.000         0.000         0.000         0.000         1.000
 AGGCM          0.000         0.000         0.000         0.000         0.000


           THETA
              AGGCM
              ________
 AGGCM          1.000


           ALPHA
              P             EXT           INT
              ________      ________      ________
                0.000         0.000         0.000


           BETA
              P             EXT           INT
              ________      ________      ________
 P              0.000         0.000         0.000
 EXT            0.000         0.000         0.000
 INT            0.000         0.000         0.000


           PSI
              P             EXT           INT
              ________      ________      ________
 P              1.000
 EXT            0.000         1.000
 INT            0.000         0.000         1.000


TECHNICAL 4 OUTPUT


     ESTIMATES DERIVED FROM THE MODEL


           ESTIMATED MEANS FOR THE LATENT VARIABLES
              P             EXT           INT
              ________      ________      ________
                0.000         0.000         0.000


           S.E. FOR ESTIMATED MEANS FOR THE LATENT VARIABLES
              P             EXT           INT
              ________      ________      ________
                0.000         0.000         0.000


           EST./S.E. FOR ESTIMATED MEANS FOR THE LATENT VARIABLES
              P             EXT           INT
              ________      ________      ________
                0.000         0.000         0.000


           TWO-TAILED P-VALUE FOR ESTIMATED MEANS FOR THE LATENT VARIABLES
              P             EXT           INT
              ________      ________      ________
                1.000         1.000         1.000


           ESTIMATED COVARIANCE MATRIX FOR THE LATENT VARIABLES
              P             EXT           INT
              ________      ________      ________
 P              1.000
 EXT            0.000         1.000
 INT            0.000         0.000         1.000


           S.E. FOR ESTIMATED COVARIANCE MATRIX FOR THE LATENT VARIABLES
              P             EXT           INT
              ________      ________      ________
 P              0.000
 EXT            0.000         0.000
 INT            0.000         0.000         0.000


           EST./S.E. FOR ESTIMATED COVARIANCE MATRIX FOR THE LATENT VARIABLES
              P             EXT           INT
              ________      ________      ________
 P        ***********
 EXT            0.000   ***********
 INT            0.000         0.000   ***********


           TWO-TAILED P-VALUE FOR ESTIMATED COVARIANCE MATRIX FOR THE LATENT VARIABLES
              P             EXT           INT
              ________      ________      ________
 P              0.000
 EXT            1.000         0.000
 INT            1.000         1.000         0.000


           ESTIMATED CORRELATION MATRIX FOR THE LATENT VARIABLES
              P             EXT           INT
              ________      ________      ________
 P              1.000
 EXT            0.000         1.000
 INT            0.000         0.000         1.000


           S.E. FOR ESTIMATED CORRELATION MATRIX FOR THE LATENT VARIABLES
              P             EXT           INT
              ________      ________      ________
 P              0.000
 EXT            0.000         0.000
 INT            0.000         0.000         0.000


           EST./S.E. FOR ESTIMATED CORRELATION MATRIX FOR THE LATENT VARIABLES
              P             EXT           INT
              ________      ________      ________
 P            999.000
 EXT            0.000       999.000
 INT            0.000         0.000       999.000


           TWO-TAILED P-VALUE FOR ESTIMATED CORRELATION MATRIX FOR THE LATENT VARIABLES
              P             EXT           INT
              ________      ________      ________
 P              0.000
 EXT            1.000         0.000
 INT            1.000         1.000         0.000


TECHNICAL 10 OUTPUT


     Beginning Time:  18:24:05
        Ending Time:  18:24:15
       Elapsed Time:  00:00:10



MUTHEN & MUTHEN
3463 Stoner Ave.
Los Angeles, CA  90066

Tel: (310) 391-9971
Fax: (310) 391-8971
Web: www.StatModel.com
Support: Support@StatModel.com

Copyright (c) 1998-2018 Muthen & Muthen
